<?xml version="1.0" encoding="UTF-8"?>
<!-- Generated by org.testng.reporters.JUnitReportReporter -->
<testsuite hostname="LAPTOP-D48PB34H" failures="0" tests="2" name="com.planit.selenium.tests.JupiterShoppingCartTest" time="13.823" errors="0" timestamp="2022-10-01T20:59:44 AEST" skipped="0">
  <testcase classname="com.planit.selenium.tests.JupiterShoppingCartTest" name="shoppingCartTest" time="5.510"/>
  <system-out/>
  <testcase classname="com.planit.selenium.tests.JupiterShoppingCartTest" name="shoppingCartTest" time="8.313"/>
  <system-out/>
</testsuite> <!-- com.planit.selenium.tests.JupiterShoppingCartTest -->
